{
  "RSpec": {
    "coverage": {
      "/home/junior/dev/tests/desafio-programacao-1b/desafio-programacao-1b/spec/controllers/informations_controller_spec.rb": [
        1,
        null,
        1,
        1,
        1,
        1,
        1,
        null,
        1,
        null,
        null,
        1,
        1,
        null,
        1,
        1,
        null,
        null,
        1,
        1,
        null,
        1,
        1,
        null,
        null,
        null,
        1,
        null,
        1,
        1,
        1,
        null,
        1,
        null,
        null,
        1,
        1,
        null,
        1,
        1,
        null,
        null,
        1,
        1,
        null,
        1,
        1,
        null,
        null,
        null,
        1,
        1,
        1,
        1,
        1,
        null,
        null,
        null,
        1,
        1,
        null,
        1,
        null,
        null,
        null,
        1,
        1,
        1,
        1,
        null,
        null,
        null,
        1,
        1,
        null,
        1,
        1,
        null,
        null,
        null,
        null
      ],
      "/home/junior/dev/tests/desafio-programacao-1b/desafio-programacao-1b/spec/rails_helper.rb": [
        null,
        1,
        1,
        null,
        1,
        1,
        1,
        1,
        null,
        null,
        null,
        null,
        null,
        null,
        null,
        null,
        null,
        null,
        null,
        null,
        null,
        null,
        null,
        null,
        null,
        null,
        null,
        null,
        null,
        1,
        null,
        1,
        null,
        null,
        1,
        null,
        null,
        null,
        null,
        1,
        null,
        null,
        null,
        null,
        null,
        null,
        null,
        null,
        null,
        null,
        null,
        null,
        null,
        null,
        1,
        null,
        null,
        1,
        null,
        null,
        null,
        null,
        1,
        1,
        null,
        1,
        null,
        null,
        1,
        1,
        1,
        null,
        1,
        null,
        null,
        null
      ],
      "/home/junior/dev/tests/desafio-programacao-1b/desafio-programacao-1b/config/environment.rb": [
        null,
        1,
        null,
        null,
        1
      ],
      "/home/junior/dev/tests/desafio-programacao-1b/desafio-programacao-1b/config/application.rb": [
        1,
        null,
        null,
        1,
        1,
        1,
        1,
        null,
        null,
        null,
        null,
        1,
        null,
        1,
        1,
        null,
        null,
        null,
        null,
        null,
        null,
        1,
        null,
        null,
        null,
        1,
        null,
        null
      ],
      "/home/junior/dev/tests/desafio-programacao-1b/desafio-programacao-1b/config/boot.rb": [
        null,
        1,
        null,
        1
      ],
      "/home/junior/dev/tests/desafio-programacao-1b/desafio-programacao-1b/config/environments/test.rb": [
        1,
        null,
        null,
        null,
        null,
        null,
        null,
        1,
        null,
        null,
        null,
        null,
        1,
        null,
        null,
        1,
        1,
        null,
        null,
        1,
        1,
        null,
        null,
        1,
        null,
        null,
        1,
        null,
        null,
        null,
        null,
        1,
        null,
        null,
        1,
        null
      ],
      "/home/junior/dev/tests/desafio-programacao-1b/desafio-programacao-1b/config/initializers/backtrace_silencers.rb": [
        null,
        null,
        null,
        null,
        null,
        null,
        null
      ],
      "/home/junior/dev/tests/desafio-programacao-1b/desafio-programacao-1b/config/initializers/filter_parameter_logging.rb": [
        null,
        null,
        null,
        1
      ],
      "/home/junior/dev/tests/desafio-programacao-1b/desafio-programacao-1b/config/initializers/inflections.rb": [
        null,
        null,
        null,
        null,
        null,
        null,
        null,
        null,
        null,
        null,
        null,
        null,
        null,
        null,
        null,
        null
      ],
      "/home/junior/dev/tests/desafio-programacao-1b/desafio-programacao-1b/config/initializers/mime_types.rb": [
        null,
        null,
        null,
        null,
        null
      ],
      "/home/junior/dev/tests/desafio-programacao-1b/desafio-programacao-1b/config/initializers/secret_token.rb": [
        null,
        null,
        null,
        null,
        null,
        null,
        null,
        null,
        null,
        null,
        null,
        1
      ],
      "/home/junior/dev/tests/desafio-programacao-1b/desafio-programacao-1b/config/initializers/session_store.rb": [
        null,
        null,
        1
      ],
      "/home/junior/dev/tests/desafio-programacao-1b/desafio-programacao-1b/config/initializers/wrap_parameters.rb": [
        null,
        null,
        null,
        null,
        null,
        null,
        1,
        1,
        null,
        null,
        null,
        null,
        null,
        null
      ],
      "/home/junior/dev/tests/desafio-programacao-1b/desafio-programacao-1b/spec/factories/information.rb": [
        1,
        null,
        1,
        1,
        7,
        1,
        1,
        1,
        null,
        null,
        1,
        3,
        1,
        1,
        1,
        null,
        null
      ],
      "/home/junior/dev/tests/desafio-programacao-1b/desafio-programacao-1b/config/routes.rb": [
        1,
        1,
        null,
        1,
        null
      ],
      "/home/junior/dev/tests/desafio-programacao-1b/desafio-programacao-1b/app/helpers/application_helper.rb": [
        1,
        null
      ],
      "/home/junior/dev/tests/desafio-programacao-1b/desafio-programacao-1b/app/helpers/informations_helper.rb": [
        1,
        null
      ],
      "/home/junior/dev/tests/desafio-programacao-1b/desafio-programacao-1b/app/controllers/informations_controller.rb": [
        1,
        1,
        3,
        3,
        null,
        null,
        1,
        4,
        4,
        4,
        4,
        2,
        null,
        4,
        2,
        null,
        null,
        null,
        null,
        1,
        3,
        null,
        null,
        1,
        null,
        1,
        4,
        null,
        null
      ],
      "/home/junior/dev/tests/desafio-programacao-1b/desafio-programacao-1b/app/controllers/application_controller.rb": [
        1,
        null,
        null,
        1,
        null
      ],
      "/home/junior/dev/tests/desafio-programacao-1b/desafio-programacao-1b/spec/helpers/informations_helper_spec.rb": [
        1,
        null,
        null,
        null,
        null,
        null,
        null,
        null,
        null,
        null,
        null,
        null,
        1,
        null,
        null
      ],
      "/home/junior/dev/tests/desafio-programacao-1b/desafio-programacao-1b/spec/models/information_spec.rb": [
        1,
        null,
        1,
        1,
        1,
        1,
        null,
        null,
        1,
        1,
        null,
        null,
        1,
        1,
        1,
        null,
        null,
        1,
        1,
        null,
        null,
        1,
        1,
        null,
        null,
        1,
        1,
        null,
        null,
        1,
        1,
        null,
        null,
        1,
        1,
        null,
        null,
        null,
        null
      ],
      "/home/junior/dev/tests/desafio-programacao-1b/desafio-programacao-1b/app/models/information.rb": [
        1,
        1,
        1,
        1,
        1,
        1,
        null
      ]
    },
    "timestamp": 1486046070
  }
}
